<?xml version="1.0" encoding="UTF-8"?>
<!-- Generated by org.testng.reporters.JUnitReportReporter -->
<testsuite skipped="0" hostname="DNID0694L01" name="com.g2academy.testcases.profile.TC_ChangePassword" tests="37" failures="0" timestamp="18 May 2020 22:33:32 GMT" time="243.200" errors="0">
  <testcase name="testChangePassword" time="6.142" classname="com.g2academy.testcases.profile.TC_ChangePassword"/>
  <testcase name="testChangePassword" time="8.194" classname="com.g2academy.testcases.profile.TC_ChangePassword"/>
  <testcase name="testChangePassword" time="5.526" classname="com.g2academy.testcases.profile.TC_ChangePassword"/>
  <testcase name="testChangePassword" time="10.650" classname="com.g2academy.testcases.profile.TC_ChangePassword"/>
  <testcase name="testChangePassword" time="3.891" classname="com.g2academy.testcases.profile.TC_ChangePassword"/>
  <testcase name="testChangePassword" time="7.272" classname="com.g2academy.testcases.profile.TC_ChangePassword"/>
  <testcase name="testChangePassword" time="5.936" classname="com.g2academy.testcases.profile.TC_ChangePassword"/>
  <testcase name="testChangePassword" time="8.192" classname="com.g2academy.testcases.profile.TC_ChangePassword"/>
  <testcase name="testChangePassword" time="7.986" classname="com.g2academy.testcases.profile.TC_ChangePassword"/>
  <testcase name="testChangePassword" time="7.986" classname="com.g2academy.testcases.profile.TC_ChangePassword"/>
  <testcase name="testChangePassword" time="5.938" classname="com.g2academy.testcases.profile.TC_ChangePassword"/>
  <testcase name="testChangePassword" time="3.890" classname="com.g2academy.testcases.profile.TC_ChangePassword"/>
  <testcase name="testChangePassword" time="3.888" classname="com.g2academy.testcases.profile.TC_ChangePassword"/>
  <testcase name="testChangePassword" time="2.865" classname="com.g2academy.testcases.profile.TC_ChangePassword"/>
  <testcase name="testChangePassword" time="9.013" classname="com.g2academy.testcases.profile.TC_ChangePassword"/>
  <testcase name="testChangePassword" time="3.482" classname="com.g2academy.testcases.profile.TC_ChangePassword"/>
  <testcase name="testChangePassword" time="2.663" classname="com.g2academy.testcases.profile.TC_ChangePassword"/>
  <testcase name="testChangePassword" time="3.476" classname="com.g2academy.testcases.profile.TC_ChangePassword"/>
  <testcase name="testChangePassword" time="7.974" classname="com.g2academy.testcases.profile.TC_ChangePassword"/>
  <testcase name="testChangePassword" time="7.167" classname="com.g2academy.testcases.profile.TC_ChangePassword"/>
  <testcase name="testChangePassword" time="8.197" classname="com.g2academy.testcases.profile.TC_ChangePassword"/>
  <testcase name="testChangePassword" time="7.781" classname="com.g2academy.testcases.profile.TC_ChangePassword"/>
  <testcase name="testChangePassword" time="6.144" classname="com.g2academy.testcases.profile.TC_ChangePassword"/>
  <testcase name="testChangePassword" time="8.600" classname="com.g2academy.testcases.profile.TC_ChangePassword"/>
  <testcase name="testChangePassword" time="7.605" classname="com.g2academy.testcases.profile.TC_ChangePassword"/>
  <testcase name="testChangePassword" time="8.000" classname="com.g2academy.testcases.profile.TC_ChangePassword"/>
  <testcase name="testChangePassword" time="3.484" classname="com.g2academy.testcases.profile.TC_ChangePassword"/>
  <testcase name="testChangePassword" time="2.584" classname="com.g2academy.testcases.profile.TC_ChangePassword"/>
  <testcase name="testChangePassword" time="5.530" classname="com.g2academy.testcases.profile.TC_ChangePassword"/>
  <testcase name="testChangePassword" time="8.396" classname="com.g2academy.testcases.profile.TC_ChangePassword"/>
  <testcase name="testChangePassword" time="7.771" classname="com.g2academy.testcases.profile.TC_ChangePassword"/>
  <testcase name="testChangePassword" time="8.193" classname="com.g2academy.testcases.profile.TC_ChangePassword"/>
  <testcase name="testChangePassword" time="7.787" classname="com.g2academy.testcases.profile.TC_ChangePassword"/>
  <testcase name="testChangePassword" time="7.166" classname="com.g2academy.testcases.profile.TC_ChangePassword"/>
  <testcase name="testChangePassword" time="8.193" classname="com.g2academy.testcases.profile.TC_ChangePassword"/>
  <testcase name="testChangePassword" time="7.650" classname="com.g2academy.testcases.profile.TC_ChangePassword"/>
  <testcase name="testChangePassword" time="7.988" classname="com.g2academy.testcases.profile.TC_ChangePassword"/>
</testsuite> <!-- com.g2academy.testcases.profile.TC_ChangePassword -->
