<?xml version="1.0" encoding="UTF-8"?>
<!-- Generated by org.testng.reporters.JUnitReportReporter -->
<testsuite skipped="11" hostname="DNID0694L01" name="com.g2academy.testcases.profile.TC_DeleteAccount" tests="12" failures="0" timestamp="19 May 2020 00:41:07 GMT" time="0.001" errors="1">
  <testcase name="testDeleteAccount" time="0.000" classname="com.g2academy.testcases.profile.TC_DeleteAccount">
    <skipped/>
  </testcase> <!-- testDeleteAccount -->
  <testcase name="testDeleteAccount" time="0.000" classname="com.g2academy.testcases.profile.TC_DeleteAccount">
    <skipped/>
  </testcase> <!-- testDeleteAccount -->
  <testcase name="testDeleteAccount" time="0.000" classname="com.g2academy.testcases.profile.TC_DeleteAccount">
    <skipped/>
  </testcase> <!-- testDeleteAccount -->
  <testcase name="testDeleteAccount" time="0.000" classname="com.g2academy.testcases.profile.TC_DeleteAccount">
    <skipped/>
  </testcase> <!-- testDeleteAccount -->
  <testcase name="testDeleteAccount" time="0.000" classname="com.g2academy.testcases.profile.TC_DeleteAccount">
    <skipped/>
  </testcase> <!-- testDeleteAccount -->
  <testcase name="testDeleteAccount" time="0.000" classname="com.g2academy.testcases.profile.TC_DeleteAccount">
    <skipped/>
  </testcase> <!-- testDeleteAccount -->
  <testcase name="testDeleteAccount" time="0.000" classname="com.g2academy.testcases.profile.TC_DeleteAccount">
    <skipped/>
  </testcase> <!-- testDeleteAccount -->
  <testcase name="beforeMethod" time="0.001" classname="com.g2academy.testcases.profile.TC_DeleteAccount">
    <error type="java.lang.NullPointerException">
        <![CDATA[java.lang.NullPointerException
at com.g2academy.testcases.profile.TC_DeleteAccount.beforeMethod(TC_DeleteAccount.java:42)
at sun.reflect.NativeMethodAccessorImpl.invoke0(Native Method)
at sun.reflect.NativeMethodAccessorImpl.invoke(NativeMethodAccessorImpl.java:62)
at sun.reflect.DelegatingMethodAccessorImpl.invoke(DelegatingMethodAccessorImpl.java:43)
at java.lang.reflect.Method.invoke(Method.java:498)
at org.testng.internal.MethodInvocationHelper.invokeMethod(MethodInvocationHelper.java:124)
at org.testng.internal.MethodInvocationHelper.invokeMethodConsideringTimeout(MethodInvocationHelper.java:59)
at org.testng.internal.Invoker.invokeConfigurationMethod(Invoker.java:458)
at org.testng.internal.Invoker.invokeConfigurations(Invoker.java:222)
at org.testng.internal.Invoker.invokeMethod(Invoker.java:523)
at org.testng.internal.Invoker.invokeTestMethod(Invoker.java:719)
at org.testng.internal.Invoker.invokeTestMethods(Invoker.java:989)
at org.testng.internal.TestMethodWorker.invokeTestMethods(TestMethodWorker.java:125)
at org.testng.internal.TestMethodWorker.run(TestMethodWorker.java:109)
at org.testng.TestRunner.privateRun(TestRunner.java:648)
at org.testng.TestRunner.run(TestRunner.java:505)
at org.testng.SuiteRunner.runTest(SuiteRunner.java:455)
at org.testng.SuiteRunner.runSequentially(SuiteRunner.java:450)
at org.testng.SuiteRunner.privateRun(SuiteRunner.java:415)
at org.testng.SuiteRunner.run(SuiteRunner.java:364)
at org.testng.SuiteRunnerWorker.runSuite(SuiteRunnerWorker.java:52)
at org.testng.SuiteRunnerWorker.run(SuiteRunnerWorker.java:84)
at org.testng.TestNG.runSuitesSequentially(TestNG.java:1208)
at org.testng.TestNG.runSuitesLocally(TestNG.java:1137)
at org.testng.TestNG.runSuites(TestNG.java:1049)
at org.testng.TestNG.run(TestNG.java:1017)
at com.intellij.rt.testng.IDEARemoteTestNG.run(IDEARemoteTestNG.java:66)
at com.intellij.rt.testng.RemoteTestNGStarter.main(RemoteTestNGStarter.java:110)
]]>
    </error>
  </testcase> <!-- beforeMethod -->
  <testcase name="testDeleteAccount" time="0.000" classname="com.g2academy.testcases.profile.TC_DeleteAccount">
    <skipped/>
  </testcase> <!-- testDeleteAccount -->
  <testcase name="testDeleteAccount" time="0.000" classname="com.g2academy.testcases.profile.TC_DeleteAccount">
    <skipped/>
  </testcase> <!-- testDeleteAccount -->
  <testcase name="testDeleteAccount" time="0.000" classname="com.g2academy.testcases.profile.TC_DeleteAccount">
    <skipped/>
  </testcase> <!-- testDeleteAccount -->
  <testcase name="testDeleteAccount" time="0.000" classname="com.g2academy.testcases.profile.TC_DeleteAccount">
    <skipped/>
  </testcase> <!-- testDeleteAccount -->
</testsuite> <!-- com.g2academy.testcases.profile.TC_DeleteAccount -->
