<?xml version="1.0" encoding="UTF-8"?>
<!-- Generated by org.testng.reporters.JUnitReportReporter -->
<testsuite skipped="0" hostname="DNID0694L01" name="com.g2academy.testcases.home.history.TC_TransactionHistory" tests="11" failures="0" timestamp="18 May 2020 09:25:46 GMT" time="25.034" errors="0">
  <testcase name="testPaketDataHistory" time="2.035" classname="com.g2academy.testcases.home.history.TC_TransactionHistory"/>
  <testcase name="testPaketDataHistory" time="2.331" classname="com.g2academy.testcases.home.history.TC_TransactionHistory"/>
  <testcase name="testPaketDataHistory" time="2.462" classname="com.g2academy.testcases.home.history.TC_TransactionHistory"/>
  <testcase name="testPaketDataHistory" time="2.046" classname="com.g2academy.testcases.home.history.TC_TransactionHistory"/>
  <testcase name="testPaketDataHistory" time="2.687" classname="com.g2academy.testcases.home.history.TC_TransactionHistory"/>
  <testcase name="testPaketDataHistory" time="2.408" classname="com.g2academy.testcases.home.history.TC_TransactionHistory"/>
  <testcase name="testPaketDataHistory" time="2.662" classname="com.g2academy.testcases.home.history.TC_TransactionHistory"/>
  <testcase name="testPaketDataHistory" time="1.846" classname="com.g2academy.testcases.home.history.TC_TransactionHistory"/>
  <testcase name="testPaketDataHistory" time="2.103" classname="com.g2academy.testcases.home.history.TC_TransactionHistory"/>
  <testcase name="testPaketDataHistory" time="2.170" classname="com.g2academy.testcases.home.history.TC_TransactionHistory"/>
  <testcase name="testPaketDataHistory" time="2.284" classname="com.g2academy.testcases.home.history.TC_TransactionHistory"/>
</testsuite> <!-- com.g2academy.testcases.home.history.TC_TransactionHistory -->
