<?xml version="1.0" encoding="UTF-8"?>
<!-- Generated by org.testng.reporters.JUnitReportReporter -->
<testsuite skipped="0" hostname="DNID0694L01" name="com.g2academy.testcases.start.TC_Login" tests="15" failures="0" timestamp="18 May 2020 09:09:29 GMT" time="101.287" errors="0">
  <testcase name="testLogin" time="5.865" classname="com.g2academy.testcases.start.TC_Login"/>
  <testcase name="testLogin" time="8.040" classname="com.g2academy.testcases.start.TC_Login"/>
  <testcase name="testLogin" time="6.554" classname="com.g2academy.testcases.start.TC_Login"/>
  <testcase name="testLogin" time="7.330" classname="com.g2academy.testcases.start.TC_Login"/>
  <testcase name="testLogin" time="6.267" classname="com.g2academy.testcases.start.TC_Login"/>
  <testcase name="testLogin" time="7.143" classname="com.g2academy.testcases.start.TC_Login"/>
  <testcase name="testLogin" time="6.605" classname="com.g2academy.testcases.start.TC_Login"/>
  <testcase name="testLogin" time="7.332" classname="com.g2academy.testcases.start.TC_Login"/>
  <testcase name="testLogin" time="7.372" classname="com.g2academy.testcases.start.TC_Login"/>
  <testcase name="testLogin" time="5.599" classname="com.g2academy.testcases.start.TC_Login"/>
  <testcase name="testLogin" time="7.111" classname="com.g2academy.testcases.start.TC_Login"/>
  <testcase name="testLogin" time="6.017" classname="com.g2academy.testcases.start.TC_Login"/>
  <testcase name="testLogin" time="6.435" classname="com.g2academy.testcases.start.TC_Login"/>
  <testcase name="testLogin" time="7.398" classname="com.g2academy.testcases.start.TC_Login"/>
  <testcase name="testLogin" time="6.219" classname="com.g2academy.testcases.start.TC_Login"/>
</testsuite> <!-- com.g2academy.testcases.start.TC_Login -->
