<?xml version="1.0" encoding="UTF-8"?>
<!-- Generated by org.testng.reporters.JUnitReportReporter -->
<testsuite skipped="0" hostname="DNID0694L01" name="com.g2academy.testcases.home.home.TC_InternetDataList" tests="20" failures="2" timestamp="18 May 2020 09:21:05 GMT" time="42.876" errors="0">
  <testcase name="testPaketDataList" time="2.851" classname="com.g2academy.testcases.home.home.TC_InternetDataList"/>
  <testcase name="testPaketDataList" time="2.042" classname="com.g2academy.testcases.home.home.TC_InternetDataList"/>
  <testcase name="testPaketDataList" time="1.842" classname="com.g2academy.testcases.home.home.TC_InternetDataList"/>
  <testcase name="testPaketDataList" time="3.583" classname="com.g2academy.testcases.home.home.TC_InternetDataList"/>
  <testcase name="testPaketDataList" time="1.745" classname="com.g2academy.testcases.home.home.TC_InternetDataList"/>
  <testcase name="testPaketDataList" time="2.832" classname="com.g2academy.testcases.home.home.TC_InternetDataList"/>
  <testcase name="testPaketDataList" time="1.639" classname="com.g2academy.testcases.home.home.TC_InternetDataList"/>
  <testcase name="testPaketDataList" time="2.163" classname="com.g2academy.testcases.home.home.TC_InternetDataList"/>
  <testcase name="testPaketDataList" time="2.975" classname="com.g2academy.testcases.home.home.TC_InternetDataList"/>
  <testcase name="testPaketDataList" time="1.819" classname="com.g2academy.testcases.home.home.TC_InternetDataList"/>
  <testcase name="testPaketDataList" time="1.636" classname="com.g2academy.testcases.home.home.TC_InternetDataList"/>
  <testcase name="testPaketDataList" time="2.349" classname="com.g2academy.testcases.home.home.TC_InternetDataList"/>
  <testcase name="testPaketDataList" time="1.838" classname="com.g2academy.testcases.home.home.TC_InternetDataList"/>
  <testcase name="testPaketDataList" time="1.985" classname="com.g2academy.testcases.home.home.TC_InternetDataList"/>
  <testcase name="testPaketDataList" time="1.534" classname="com.g2academy.testcases.home.home.TC_InternetDataList">
    <failure type="java.lang.AssertionError" message="expected [400] but found [200]">
        <![CDATA[java.lang.AssertionError: expected [400] but found [200]
at org.testng.Assert.fail(Assert.java:96)
at org.testng.Assert.failNotEquals(Assert.java:776)
at org.testng.Assert.assertEqualsImpl(Assert.java:137)
at org.testng.Assert.assertEquals(Assert.java:118)
at org.testng.Assert.assertEquals(Assert.java:652)
at org.testng.Assert.assertEquals(Assert.java:662)
at com.g2academy.base.Assertion.statusCode(Assertion.java:8)
at com.g2academy.testcases.home.home.TC_InternetDataList.testPaketDataList(TC_PaketDataList.java:45)
at sun.reflect.NativeMethodAccessorImpl.invoke0(Native Method)
at sun.reflect.NativeMethodAccessorImpl.invoke(NativeMethodAccessorImpl.java:62)
at sun.reflect.DelegatingMethodAccessorImpl.invoke(DelegatingMethodAccessorImpl.java:43)
at java.lang.reflect.Method.invoke(Method.java:498)
at org.testng.internal.MethodInvocationHelper.invokeMethod(MethodInvocationHelper.java:124)
at org.testng.internal.InvokeMethodRunnable.runOne(InvokeMethodRunnable.java:54)
at org.testng.internal.InvokeMethodRunnable.run(InvokeMethodRunnable.java:44)
at java.util.concurrent.Executors$RunnableAdapter.call(Executors.java:511)
at java.util.concurrent.FutureTask.run(FutureTask.java:266)
at java.util.concurrent.ThreadPoolExecutor.runWorker(ThreadPoolExecutor.java:1149)
at java.util.concurrent.ThreadPoolExecutor$Worker.run(ThreadPoolExecutor.java:624)
at java.lang.Thread.run(Thread.java:748)
]]>
    </failure>
  </testcase> <!-- testPaketDataList -->
  <testcase name="testPaketDataList" time="1.716" classname="com.g2academy.testcases.home.home.TC_InternetDataList"/>
  <testcase name="testPaketDataList" time="2.521" classname="com.g2academy.testcases.home.home.TC_InternetDataList"/>
  <testcase name="testPaketDataList" time="2.041" classname="com.g2academy.testcases.home.home.TC_InternetDataList"/>
  <testcase name="testPaketDataList" time="1.733" classname="com.g2academy.testcases.home.home.TC_InternetDataList"/>
  <testcase name="testPaketDataList" time="2.032" classname="com.g2academy.testcases.home.home.TC_InternetDataList">
    <failure type="java.lang.AssertionError" message="expected [400] but found [200]">
        <![CDATA[java.lang.AssertionError: expected [400] but found [200]
at org.testng.Assert.fail(Assert.java:96)
at org.testng.Assert.failNotEquals(Assert.java:776)
at org.testng.Assert.assertEqualsImpl(Assert.java:137)
at org.testng.Assert.assertEquals(Assert.java:118)
at org.testng.Assert.assertEquals(Assert.java:652)
at org.testng.Assert.assertEquals(Assert.java:662)
at com.g2academy.base.Assertion.statusCode(Assertion.java:8)
at com.g2academy.testcases.home.home.TC_InternetDataList.testPaketDataList(TC_PaketDataList.java:45)
at sun.reflect.NativeMethodAccessorImpl.invoke0(Native Method)
at sun.reflect.NativeMethodAccessorImpl.invoke(NativeMethodAccessorImpl.java:62)
at sun.reflect.DelegatingMethodAccessorImpl.invoke(DelegatingMethodAccessorImpl.java:43)
at java.lang.reflect.Method.invoke(Method.java:498)
at org.testng.internal.MethodInvocationHelper.invokeMethod(MethodInvocationHelper.java:124)
at org.testng.internal.InvokeMethodRunnable.runOne(InvokeMethodRunnable.java:54)
at org.testng.internal.InvokeMethodRunnable.run(InvokeMethodRunnable.java:44)
at java.util.concurrent.Executors$RunnableAdapter.call(Executors.java:511)
at java.util.concurrent.FutureTask.run(FutureTask.java:266)
at java.util.concurrent.ThreadPoolExecutor.runWorker(ThreadPoolExecutor.java:1149)
at java.util.concurrent.ThreadPoolExecutor$Worker.run(ThreadPoolExecutor.java:624)
at java.lang.Thread.run(Thread.java:748)
]]>
    </failure>
  </testcase> <!-- testPaketDataList -->
</testsuite> <!-- com.g2academy.testcases.home.home.TC_InternetDataList -->
