<?xml version="1.0" encoding="UTF-8"?>
<!-- Generated by org.testng.reporters.JUnitReportReporter -->
<testsuite skipped="0" hostname="DNID0694L01" name="com.g2academy.testcases.profile.TC_EditUser" tests="17" failures="0" timestamp="21 May 2020 11:32:17 GMT" time="6.671" errors="0">
  <testcase name="testEditUser" time="0.353" classname="com.g2academy.testcases.profile.TC_EditUser"/>
  <testcase name="testEditUser" time="0.325" classname="com.g2academy.testcases.profile.TC_EditUser"/>
  <testcase name="testEditUser" time="0.315" classname="com.g2academy.testcases.profile.TC_EditUser"/>
  <testcase name="testEditUser" time="0.324" classname="com.g2academy.testcases.profile.TC_EditUser"/>
  <testcase name="testEditUser" time="0.381" classname="com.g2academy.testcases.profile.TC_EditUser"/>
  <testcase name="testEditUser" time="0.298" classname="com.g2academy.testcases.profile.TC_EditUser"/>
  <testcase name="testEditUser" time="0.341" classname="com.g2academy.testcases.profile.TC_EditUser"/>
  <testcase name="testEditUser" time="0.320" classname="com.g2academy.testcases.profile.TC_EditUser"/>
  <testcase name="testEditUser" time="0.318" classname="com.g2academy.testcases.profile.TC_EditUser"/>
  <testcase name="testEditUser" time="0.320" classname="com.g2academy.testcases.profile.TC_EditUser"/>
  <testcase name="testEditUser" time="1.355" classname="com.g2academy.testcases.profile.TC_EditUser"/>
  <testcase name="testEditUser" time="0.387" classname="com.g2academy.testcases.profile.TC_EditUser"/>
  <testcase name="testEditUser" time="0.299" classname="com.g2academy.testcases.profile.TC_EditUser"/>
  <testcase name="testEditUser" time="0.447" classname="com.g2academy.testcases.profile.TC_EditUser"/>
  <testcase name="testEditUser" time="0.294" classname="com.g2academy.testcases.profile.TC_EditUser"/>
  <testcase name="testEditUser" time="0.301" classname="com.g2academy.testcases.profile.TC_EditUser"/>
  <testcase name="testEditUser" time="0.293" classname="com.g2academy.testcases.profile.TC_EditUser"/>
</testsuite> <!-- com.g2academy.testcases.profile.TC_EditUser -->
