<?xml version="1.0" encoding="UTF-8"?>
<!-- Generated by org.testng.reporters.JUnitReportReporter -->
<testsuite skipped="0" hostname="DNID0694L01" name="com.g2academy.testcases.profile.TC_Logout" tests="15" failures="0" timestamp="18 May 2020 09:13:07 GMT" time="65.254" errors="0">
  <testcase name="testLogout" time="4.914" classname="com.g2academy.testcases.profile.TC_Logout"/>
  <testcase name="testLogout" time="4.301" classname="com.g2academy.testcases.profile.TC_Logout"/>
  <testcase name="testLogout" time="4.244" classname="com.g2academy.testcases.profile.TC_Logout"/>
  <testcase name="testLogout" time="3.236" classname="com.g2academy.testcases.profile.TC_Logout"/>
  <testcase name="testLogout" time="4.852" classname="com.g2academy.testcases.profile.TC_Logout"/>
  <testcase name="testLogout" time="3.277" classname="com.g2academy.testcases.profile.TC_Logout"/>
  <testcase name="testLogout" time="4.710" classname="com.g2academy.testcases.profile.TC_Logout"/>
  <testcase name="testLogout" time="5.871" classname="com.g2academy.testcases.profile.TC_Logout"/>
  <testcase name="testLogout" time="3.932" classname="com.g2academy.testcases.profile.TC_Logout"/>
  <testcase name="testLogout" time="4.707" classname="com.g2academy.testcases.profile.TC_Logout"/>
  <testcase name="testLogout" time="4.916" classname="com.g2academy.testcases.profile.TC_Logout"/>
  <testcase name="testLogout" time="4.297" classname="com.g2academy.testcases.profile.TC_Logout"/>
  <testcase name="testLogout" time="4.263" classname="com.g2academy.testcases.profile.TC_Logout"/>
  <testcase name="testLogout" time="4.037" classname="com.g2academy.testcases.profile.TC_Logout"/>
  <testcase name="testLogout" time="3.697" classname="com.g2academy.testcases.profile.TC_Logout"/>
</testsuite> <!-- com.g2academy.testcases.profile.TC_Logout -->
