<?xml version="1.0" encoding="UTF-8"?>
<!-- Generated by org.testng.reporters.JUnitReportReporter -->
<testsuite skipped="0" hostname="DNID0694L01" name="com.g2academy.testcases.home.home.TC_InternetDataPurchase" tests="68" failures="0" timestamp="18 May 2020 09:30:00 GMT" time="202.152" errors="0">
  <testcase name="testPaketDataPurchase" time="2.047" classname="com.g2academy.testcases.home.home.TC_InternetDataPurchase"/>
  <testcase name="testPaketDataPurchase" time="2.458" classname="com.g2academy.testcases.home.home.TC_InternetDataPurchase"/>
  <testcase name="testPaketDataPurchase" time="2.303" classname="com.g2academy.testcases.home.home.TC_InternetDataPurchase"/>
  <testcase name="testPaketDataPurchase" time="4.602" classname="com.g2academy.testcases.home.home.TC_InternetDataPurchase"/>
  <testcase name="testPaketDataPurchase" time="2.666" classname="com.g2academy.testcases.home.home.TC_InternetDataPurchase"/>
  <testcase name="testPaketDataPurchase" time="3.905" classname="com.g2academy.testcases.home.home.TC_InternetDataPurchase"/>
  <testcase name="testPaketDataPurchase" time="4.100" classname="com.g2academy.testcases.home.home.TC_InternetDataPurchase"/>
  <testcase name="testPaketDataPurchase" time="1.734" classname="com.g2academy.testcases.home.home.TC_InternetDataPurchase"/>
  <testcase name="testPaketDataPurchase" time="2.865" classname="com.g2academy.testcases.home.home.TC_InternetDataPurchase"/>
  <testcase name="testPaketDataPurchase" time="4.559" classname="com.g2academy.testcases.home.home.TC_InternetDataPurchase"/>
  <testcase name="testPaketDataPurchase" time="1.846" classname="com.g2academy.testcases.home.home.TC_InternetDataPurchase"/>
  <testcase name="testPaketDataPurchase" time="2.201" classname="com.g2academy.testcases.home.home.TC_InternetDataPurchase"/>
  <testcase name="testPaketDataPurchase" time="2.262" classname="com.g2academy.testcases.home.home.TC_InternetDataPurchase"/>
  <testcase name="testPaketDataPurchase" time="1.842" classname="com.g2academy.testcases.home.home.TC_InternetDataPurchase"/>
  <testcase name="testPaketDataPurchase" time="2.010" classname="com.g2academy.testcases.home.home.TC_InternetDataPurchase"/>
  <testcase name="testPaketDataPurchase" time="2.255" classname="com.g2academy.testcases.home.home.TC_InternetDataPurchase"/>
  <testcase name="testPaketDataPurchase" time="4.914" classname="com.g2academy.testcases.home.home.TC_InternetDataPurchase"/>
  <testcase name="testPaketDataPurchase" time="2.253" classname="com.g2academy.testcases.home.home.TC_InternetDataPurchase"/>
  <testcase name="testPaketDataPurchase" time="1.675" classname="com.g2academy.testcases.home.home.TC_InternetDataPurchase"/>
  <testcase name="testPaketDataPurchase" time="2.289" classname="com.g2academy.testcases.home.home.TC_InternetDataPurchase"/>
  <testcase name="testPaketDataPurchase" time="1.738" classname="com.g2academy.testcases.home.home.TC_InternetDataPurchase"/>
  <testcase name="testPaketDataPurchase" time="2.663" classname="com.g2academy.testcases.home.home.TC_InternetDataPurchase"/>
  <testcase name="testPaketDataPurchase" time="2.453" classname="com.g2academy.testcases.home.home.TC_InternetDataPurchase"/>
  <testcase name="testPaketDataPurchase" time="2.047" classname="com.g2academy.testcases.home.home.TC_InternetDataPurchase"/>
  <testcase name="testPaketDataPurchase" time="1.819" classname="com.g2academy.testcases.home.home.TC_InternetDataPurchase"/>
  <testcase name="testPaketDataPurchase" time="2.109" classname="com.g2academy.testcases.home.home.TC_InternetDataPurchase"/>
  <testcase name="testPaketDataPurchase" time="4.427" classname="com.g2academy.testcases.home.home.TC_InternetDataPurchase"/>
  <testcase name="testPaketDataPurchase" time="2.256" classname="com.g2academy.testcases.home.home.TC_InternetDataPurchase"/>
  <testcase name="testPaketDataPurchase" time="4.300" classname="com.g2academy.testcases.home.home.TC_InternetDataPurchase"/>
  <testcase name="testPaketDataPurchase" time="2.438" classname="com.g2academy.testcases.home.home.TC_InternetDataPurchase"/>
  <testcase name="testPaketDataPurchase" time="2.048" classname="com.g2academy.testcases.home.home.TC_InternetDataPurchase"/>
  <testcase name="testPaketDataPurchase" time="2.459" classname="com.g2academy.testcases.home.home.TC_InternetDataPurchase"/>
  <testcase name="testPaketDataPurchase" time="4.403" classname="com.g2academy.testcases.home.home.TC_InternetDataPurchase"/>
  <testcase name="testPaketDataPurchase" time="1.910" classname="com.g2academy.testcases.home.home.TC_InternetDataPurchase"/>
  <testcase name="testPaketDataPurchase" time="4.306" classname="com.g2academy.testcases.home.home.TC_InternetDataPurchase"/>
  <testcase name="testPaketDataPurchase" time="4.301" classname="com.g2academy.testcases.home.home.TC_InternetDataPurchase"/>
  <testcase name="testPaketDataPurchase" time="2.456" classname="com.g2academy.testcases.home.home.TC_InternetDataPurchase"/>
  <testcase name="testPaketDataPurchase" time="1.861" classname="com.g2academy.testcases.home.home.TC_InternetDataPurchase"/>
  <testcase name="testPaketDataPurchase" time="4.311" classname="com.g2academy.testcases.home.home.TC_InternetDataPurchase"/>
  <testcase name="testPaketDataPurchase" time="1.841" classname="com.g2academy.testcases.home.home.TC_InternetDataPurchase"/>
  <testcase name="testPaketDataPurchase" time="4.070" classname="com.g2academy.testcases.home.home.TC_InternetDataPurchase"/>
  <testcase name="testPaketDataPurchase" time="1.843" classname="com.g2academy.testcases.home.home.TC_InternetDataPurchase"/>
  <testcase name="testPaketDataPurchase" time="5.328" classname="com.g2academy.testcases.home.home.TC_InternetDataPurchase"/>
  <testcase name="testPaketDataPurchase" time="3.945" classname="com.g2academy.testcases.home.home.TC_InternetDataPurchase"/>
  <testcase name="testPaketDataPurchase" time="2.191" classname="com.g2academy.testcases.home.home.TC_InternetDataPurchase"/>
  <testcase name="testPaketDataPurchase" time="1.861" classname="com.g2academy.testcases.home.home.TC_InternetDataPurchase"/>
  <testcase name="testPaketDataPurchase" time="2.662" classname="com.g2academy.testcases.home.home.TC_InternetDataPurchase"/>
  <testcase name="testPaketDataPurchase" time="2.248" classname="com.g2academy.testcases.home.home.TC_InternetDataPurchase"/>
  <testcase name="testPaketDataPurchase" time="4.583" classname="com.g2academy.testcases.home.home.TC_InternetDataPurchase"/>
  <testcase name="testPaketDataPurchase" time="4.813" classname="com.g2academy.testcases.home.home.TC_InternetDataPurchase"/>
  <testcase name="testPaketDataPurchase" time="2.252" classname="com.g2academy.testcases.home.home.TC_InternetDataPurchase"/>
  <testcase name="testPaketDataPurchase" time="1.844" classname="com.g2academy.testcases.home.home.TC_InternetDataPurchase"/>
  <testcase name="testPaketDataPurchase" time="3.889" classname="com.g2academy.testcases.home.home.TC_InternetDataPurchase"/>
  <testcase name="testPaketDataPurchase" time="3.276" classname="com.g2academy.testcases.home.home.TC_InternetDataPurchase"/>
  <testcase name="testPaketDataPurchase" time="4.650" classname="com.g2academy.testcases.home.home.TC_InternetDataPurchase"/>
  <testcase name="testPaketDataPurchase" time="1.538" classname="com.g2academy.testcases.home.home.TC_InternetDataPurchase"/>
  <testcase name="testPaketDataPurchase" time="1.638" classname="com.g2academy.testcases.home.home.TC_InternetDataPurchase"/>
  <testcase name="testPaketDataPurchase" time="3.716" classname="com.g2academy.testcases.home.home.TC_InternetDataPurchase"/>
  <testcase name="testPaketDataPurchase" time="2.659" classname="com.g2academy.testcases.home.home.TC_InternetDataPurchase"/>
  <testcase name="testPaketDataPurchase" time="4.476" classname="com.g2academy.testcases.home.home.TC_InternetDataPurchase"/>
  <testcase name="testPaketDataPurchase" time="2.252" classname="com.g2academy.testcases.home.home.TC_InternetDataPurchase"/>
  <testcase name="testPaketDataPurchase" time="4.040" classname="com.g2academy.testcases.home.home.TC_InternetDataPurchase"/>
  <testcase name="testPaketDataPurchase" time="1.904" classname="com.g2academy.testcases.home.home.TC_InternetDataPurchase"/>
  <testcase name="testPaketDataPurchase" time="9.730" classname="com.g2academy.testcases.home.home.TC_InternetDataPurchase"/>
  <testcase name="testPaketDataPurchase" time="2.153" classname="com.g2academy.testcases.home.home.TC_InternetDataPurchase"/>
  <testcase name="testPaketDataPurchase" time="3.686" classname="com.g2academy.testcases.home.home.TC_InternetDataPurchase"/>
  <testcase name="testPaketDataPurchase" time="2.395" classname="com.g2academy.testcases.home.home.TC_InternetDataPurchase"/>
  <testcase name="testPaketDataPurchase" time="1.578" classname="com.g2academy.testcases.home.home.TC_InternetDataPurchase"/>
</testsuite> <!-- com.g2academy.testcases.home.home.TC_InternetDataPurchase -->
