<?xml version="1.0" encoding="UTF-8"?>
<!-- Generated by org.testng.reporters.JUnitReportReporter -->
<testsuite skipped="0" hostname="DNID0694L01" name="com.g2academy.testcases.start.TC_Register" tests="99" failures="0" timestamp="21 May 2020 08:56:55 GMT" time="7.895" errors="0">
  <testcase name="testRegister" time="0.042" classname="com.g2academy.testcases.start.TC_Register"/>
  <testcase name="testRegister" time="0.040" classname="com.g2academy.testcases.start.TC_Register"/>
  <testcase name="testRegister" time="0.037" classname="com.g2academy.testcases.start.TC_Register"/>
  <testcase name="testRegister" time="0.064" classname="com.g2academy.testcases.start.TC_Register"/>
  <testcase name="testRegister" time="0.034" classname="com.g2academy.testcases.start.TC_Register"/>
  <testcase name="testRegister" time="0.042" classname="com.g2academy.testcases.start.TC_Register"/>
  <testcase name="testRegister" time="0.037" classname="com.g2academy.testcases.start.TC_Register"/>
  <testcase name="testRegister" time="0.039" classname="com.g2academy.testcases.start.TC_Register"/>
  <testcase name="testRegister" time="0.039" classname="com.g2academy.testcases.start.TC_Register"/>
  <testcase name="testRegister" time="0.173" classname="com.g2academy.testcases.start.TC_Register"/>
  <testcase name="testRegister" time="0.115" classname="com.g2academy.testcases.start.TC_Register"/>
  <testcase name="testRegister" time="0.043" classname="com.g2academy.testcases.start.TC_Register"/>
  <testcase name="testRegister" time="0.138" classname="com.g2academy.testcases.start.TC_Register"/>
  <testcase name="testRegister" time="0.063" classname="com.g2academy.testcases.start.TC_Register"/>
  <testcase name="testRegister" time="0.056" classname="com.g2academy.testcases.start.TC_Register"/>
  <testcase name="testRegister" time="0.042" classname="com.g2academy.testcases.start.TC_Register"/>
  <testcase name="testRegister" time="0.034" classname="com.g2academy.testcases.start.TC_Register"/>
  <testcase name="testRegister" time="0.039" classname="com.g2academy.testcases.start.TC_Register"/>
  <testcase name="testRegister" time="0.045" classname="com.g2academy.testcases.start.TC_Register"/>
  <testcase name="testRegister" time="0.036" classname="com.g2academy.testcases.start.TC_Register"/>
  <testcase name="testRegister" time="0.030" classname="com.g2academy.testcases.start.TC_Register"/>
  <testcase name="testRegister" time="0.038" classname="com.g2academy.testcases.start.TC_Register"/>
  <testcase name="testRegister" time="0.037" classname="com.g2academy.testcases.start.TC_Register"/>
  <testcase name="testRegister" time="0.039" classname="com.g2academy.testcases.start.TC_Register"/>
  <testcase name="testRegister" time="0.038" classname="com.g2academy.testcases.start.TC_Register"/>
  <testcase name="testRegister" time="0.332" classname="com.g2academy.testcases.start.TC_Register"/>
  <testcase name="testRegister" time="0.143" classname="com.g2academy.testcases.start.TC_Register"/>
  <testcase name="testRegister" time="0.037" classname="com.g2academy.testcases.start.TC_Register"/>
  <testcase name="testRegister" time="0.043" classname="com.g2academy.testcases.start.TC_Register"/>
  <testcase name="testRegister" time="0.038" classname="com.g2academy.testcases.start.TC_Register"/>
  <testcase name="testRegister" time="0.053" classname="com.g2academy.testcases.start.TC_Register"/>
  <testcase name="testRegister" time="0.037" classname="com.g2academy.testcases.start.TC_Register"/>
  <testcase name="testRegister" time="0.033" classname="com.g2academy.testcases.start.TC_Register"/>
  <testcase name="testRegister" time="0.045" classname="com.g2academy.testcases.start.TC_Register"/>
  <testcase name="testRegister" time="0.040" classname="com.g2academy.testcases.start.TC_Register"/>
  <testcase name="testRegister" time="0.043" classname="com.g2academy.testcases.start.TC_Register"/>
  <testcase name="testRegister" time="0.043" classname="com.g2academy.testcases.start.TC_Register"/>
  <testcase name="testRegister" time="0.035" classname="com.g2academy.testcases.start.TC_Register"/>
  <testcase name="testRegister" time="0.037" classname="com.g2academy.testcases.start.TC_Register"/>
  <testcase name="testRegister" time="0.042" classname="com.g2academy.testcases.start.TC_Register"/>
  <testcase name="testRegister" time="0.038" classname="com.g2academy.testcases.start.TC_Register"/>
  <testcase name="testRegister" time="0.045" classname="com.g2academy.testcases.start.TC_Register"/>
  <testcase name="testRegister" time="0.037" classname="com.g2academy.testcases.start.TC_Register"/>
  <testcase name="testRegister" time="0.045" classname="com.g2academy.testcases.start.TC_Register"/>
  <testcase name="testRegister" time="0.037" classname="com.g2academy.testcases.start.TC_Register"/>
  <testcase name="testRegister" time="0.067" classname="com.g2academy.testcases.start.TC_Register"/>
  <testcase name="testRegister" time="0.051" classname="com.g2academy.testcases.start.TC_Register"/>
  <testcase name="testRegister" time="0.038" classname="com.g2academy.testcases.start.TC_Register"/>
  <testcase name="testRegister" time="0.038" classname="com.g2academy.testcases.start.TC_Register"/>
  <testcase name="testRegister" time="0.064" classname="com.g2academy.testcases.start.TC_Register"/>
  <testcase name="testRegister" time="0.045" classname="com.g2academy.testcases.start.TC_Register"/>
  <testcase name="testRegister" time="0.044" classname="com.g2academy.testcases.start.TC_Register"/>
  <testcase name="testRegister" time="0.049" classname="com.g2academy.testcases.start.TC_Register"/>
  <testcase name="testRegister" time="0.184" classname="com.g2academy.testcases.start.TC_Register"/>
  <testcase name="testRegister" time="0.037" classname="com.g2academy.testcases.start.TC_Register"/>
  <testcase name="testRegister" time="0.035" classname="com.g2academy.testcases.start.TC_Register"/>
  <testcase name="testRegister" time="0.054" classname="com.g2academy.testcases.start.TC_Register"/>
  <testcase name="testRegister" time="0.055" classname="com.g2academy.testcases.start.TC_Register"/>
  <testcase name="testRegister" time="0.155" classname="com.g2academy.testcases.start.TC_Register"/>
  <testcase name="testRegister" time="0.041" classname="com.g2academy.testcases.start.TC_Register"/>
  <testcase name="testRegister" time="0.035" classname="com.g2academy.testcases.start.TC_Register"/>
  <testcase name="testRegister" time="0.036" classname="com.g2academy.testcases.start.TC_Register"/>
  <testcase name="testRegister" time="0.039" classname="com.g2academy.testcases.start.TC_Register"/>
  <testcase name="testRegister" time="0.043" classname="com.g2academy.testcases.start.TC_Register"/>
  <testcase name="testRegister" time="0.035" classname="com.g2academy.testcases.start.TC_Register"/>
  <testcase name="testRegister" time="0.127" classname="com.g2academy.testcases.start.TC_Register"/>
  <testcase name="testRegister" time="0.135" classname="com.g2academy.testcases.start.TC_Register"/>
  <testcase name="testRegister" time="0.052" classname="com.g2academy.testcases.start.TC_Register"/>
  <testcase name="testRegister" time="0.045" classname="com.g2academy.testcases.start.TC_Register"/>
  <testcase name="testRegister" time="0.047" classname="com.g2academy.testcases.start.TC_Register"/>
  <testcase name="testRegister" time="0.060" classname="com.g2academy.testcases.start.TC_Register"/>
  <testcase name="testRegister" time="0.034" classname="com.g2academy.testcases.start.TC_Register"/>
  <testcase name="testRegister" time="0.030" classname="com.g2academy.testcases.start.TC_Register"/>
  <testcase name="testRegister" time="0.051" classname="com.g2academy.testcases.start.TC_Register"/>
  <testcase name="testRegister" time="0.032" classname="com.g2academy.testcases.start.TC_Register"/>
  <testcase name="testRegister" time="0.038" classname="com.g2academy.testcases.start.TC_Register"/>
  <testcase name="testRegister" time="0.037" classname="com.g2academy.testcases.start.TC_Register"/>
  <testcase name="testRegister" time="0.038" classname="com.g2academy.testcases.start.TC_Register"/>
  <testcase name="testRegister" time="0.041" classname="com.g2academy.testcases.start.TC_Register"/>
  <testcase name="testRegister" time="0.033" classname="com.g2academy.testcases.start.TC_Register"/>
  <testcase name="testRegister" time="0.129" classname="com.g2academy.testcases.start.TC_Register"/>
  <testcase name="testRegister" time="0.047" classname="com.g2academy.testcases.start.TC_Register"/>
  <testcase name="testRegister" time="0.041" classname="com.g2academy.testcases.start.TC_Register"/>
  <testcase name="testRegister" time="0.194" classname="com.g2academy.testcases.start.TC_Register"/>
  <testcase name="testRegister" time="0.042" classname="com.g2academy.testcases.start.TC_Register"/>
  <testcase name="testRegister" time="0.131" classname="com.g2academy.testcases.start.TC_Register"/>
  <testcase name="testRegister" time="0.037" classname="com.g2academy.testcases.start.TC_Register"/>
  <testcase name="testRegister" time="0.038" classname="com.g2academy.testcases.start.TC_Register"/>
  <testcase name="testRegister" time="0.125" classname="com.g2academy.testcases.start.TC_Register"/>
  <testcase name="testRegister" time="0.056" classname="com.g2academy.testcases.start.TC_Register"/>
  <testcase name="testRegister" time="0.043" classname="com.g2academy.testcases.start.TC_Register"/>
  <testcase name="testRegister" time="0.031" classname="com.g2academy.testcases.start.TC_Register"/>
  <testcase name="testRegister" time="0.040" classname="com.g2academy.testcases.start.TC_Register"/>
  <testcase name="testRegister" time="0.036" classname="com.g2academy.testcases.start.TC_Register"/>
  <testcase name="testRegister" time="1.748" classname="com.g2academy.testcases.start.TC_Register"/>
  <testcase name="testRegister" time="0.424" classname="com.g2academy.testcases.start.TC_Register"/>
  <testcase name="testRegister" time="0.037" classname="com.g2academy.testcases.start.TC_Register"/>
  <testcase name="testRegister" time="0.167" classname="com.g2academy.testcases.start.TC_Register"/>
  <testcase name="testRegister" time="0.041" classname="com.g2academy.testcases.start.TC_Register"/>
</testsuite> <!-- com.g2academy.testcases.start.TC_Register -->
